<?xml version="1.0" encoding="UTF-8"?>
<!-- Generated by org.testng.reporters.JUnitXMLReporter -->
<testsuite ignored="0" hostname="LAPTOP-30NBV301" failures="1" tests="5" name="Test2" time="27.611" errors="0" timestamp="2022-11-08T10:47:54 IST">
  <testcase classname="Leetcode.LogIn" name="HomePage" time="8.127"/>
  <testcase classname="Leetcode.LogIn" name="verifyUsername" time="0.203"/>
  <testcase classname="Leetcode.LogIn" name="verifyPassword" time="0.12"/>
  <testcase classname="Leetcode.LogIn" name="SignIn" time="5.092"/>
  <testcase classname="Leetcode.LogIn" name="getsingpageTitle" time="0.008">
    <failure type="java.lang.AssertionError" message="expected [(3) LeetCode - The World&amp;apos;s Leading Online Programming Learning Platform] but found [(2) LeetCode - The World&amp;apos;s Leading Online Programming Learning Platform]">
      <![CDATA[java.lang.AssertionError: expected [(3) LeetCode - The World's Leading Online Programming Learning Platform] but found [(2) LeetCode - The World's Leading Online Programming Learning Platform]
at Leetcode.LogIn.getsingpageTitle(LogIn.java:83)
at java.base/java.util.ArrayList.forEach(ArrayList.java:1511)
... Removed 31 stack frames]]>
    </failure>
  </testcase> <!-- getsingpageTitle -->
</testsuite> <!-- Test2 -->
