<?xml version="1.0" encoding="UTF-8"?>
<!-- Generated by org.testng.reporters.JUnitXMLReporter -->
<testsuite ignored="0" hostname="LAPTOP-30NBV301" failures="1" tests="5" name="Test4" time="24.379" errors="0" timestamp="2022-11-08T10:48:43 IST">
  <testcase classname="Leetcode.LogIn" name="HomePage" time="7.622"/>
  <testcase classname="Leetcode.LogIn" name="verifyUsername" time="0.2"/>
  <testcase classname="Leetcode.LogIn" name="verifyPassword" time="0.131"/>
  <testcase classname="Leetcode.LogIn" name="SignIn" time="5.104"/>
  <testcase classname="Leetcode.LogIn" name="getsingpageTitle" time="0.006">
    <failure type="java.lang.AssertionError" message="expected [Account Login - LeetCode] but found [(2) LeetCode - The World&amp;apos;s Leading Online Programming Learning Platform]">
      <![CDATA[java.lang.AssertionError: expected [Account Login - LeetCode] but found [(2) LeetCode - The World's Leading Online Programming Learning Platform]
at Leetcode.LogIn.getsingpageTitle(LogIn.java:83)
at java.base/java.util.ArrayList.forEach(ArrayList.java:1511)
... Removed 31 stack frames]]>
    </failure>
  </testcase> <!-- getsingpageTitle -->
</testsuite> <!-- Test4 -->
